<?xml version="1.0" encoding="UTF-8" ?>
<testsuite errors="1" failures="0" hostname="MacBook-Pro.local" name="TestSuite" tests="1" time="0.0" timestamp="2014-09-12T14:14:00">
  <properties>
    <property name="java.vendor" value="Oracle Corporation" />
    <property name="sun.java.launcher" value="SUN_STANDARD" />
    <property name="env.XPC_SERVICE_NAME" value="0" />
    <property name="sun.management.compiler" value="HotSpot 64-Bit Tiered Compilers" />
    <property name="os.name" value="Mac OS X" />
    <property name="sun.boot.class.path" value="/Library/Java/JavaVirtualMachines/jdk1.8.0_20.jdk/Contents/Home/jre/lib/resources.jar:/Library/Java/JavaVirtualMachines/jdk1.8.0_20.jdk/Contents/Home/jre/lib/rt.jar:/Library/Java/JavaVirtualMachines/jdk1.8.0_20.jdk/Contents/Home/jre/lib/sunrsasign.jar:/Library/Java/JavaVirtualMachines/jdk1.8.0_20.jdk/Contents/Home/jre/lib/jsse.jar:/Library/Java/JavaVirtualMachines/jdk1.8.0_20.jdk/Contents/Home/jre/lib/jce.jar:/Library/Java/JavaVirtualMachines/jdk1.8.0_20.jdk/Contents/Home/jre/lib/charsets.jar:/Library/Java/JavaVirtualMachines/jdk1.8.0_20.jdk/Contents/Home/jre/lib/jfr.jar:/Library/Java/JavaVirtualMachines/jdk1.8.0_20.jdk/Contents/Home/jre/classes" />
    <property name="env.TMPDIR" value="/var/folders/bg/fpgddyv554g5mnd4n22r44780000gn/T/" />
    <property name="java.vm.specification.vendor" value="Oracle Corporation" />
    <property name="ant.home" value="/Applications/IntelliJ IDEA 13 CE.app/lib/ant" />
    <property name="java.runtime.version" value="1.8.0_20-b26" />
    <property name="env.Apple_PubSub_Socket_Render" value="/private/tmp/com.apple.launchd.sU2woMIvMs/Render" />
    <property name="user.name" value="davidaghassi" />
    <property name="env.USER" value="davidaghassi" />
    <property name="env.SHELL" value="/bin/bash" />
    <property name="env.__CF_USER_TEXT_ENCODING" value="0x1F5:0x0:0x0" />
    <property name="ant.file.Aghassi_HW2" value="/Users/davidaghassi/git/EECS293/Project 2 (Social Network)/build.xml" />
    <property name="env.PATH" value="/Library/Frameworks/Python.framework/Versions/2.7/bin:/usr/local/bin:/usr/bin:/bin:/usr/sbin:/sbin:/usr/local/git/bin:/usr/local/MacGPG2/bin:/usr/texbin" />
    <property name="user.language" value="en" />
    <property name="sun.boot.library.path" value="/Library/Java/JavaVirtualMachines/jdk1.8.0_20.jdk/Contents/Home/jre/lib" />
    <property name="ant.project.default-target" value="build SocialNetwork" />
    <property name="env.XPC_FLAGS" value="0x0" />
    <property name="ant.project.name" value="Aghassi_HW2" />
    <property name="java.version" value="1.8.0_20" />
    <property name="user.timezone" value="America/New_York" />
    <property name="ant.file.type.Aghassi_HW2" value="file" />
    <property name="sun.arch.data.model" value="64" />
    <property name="http.nonProxyHosts" value="local|*.local|169.254/16|*.169.254/16" />
    <property name="java.endorsed.dirs" value="/Library/Java/JavaVirtualMachines/jdk1.8.0_20.jdk/Contents/Home/jre/lib/endorsed" />
    <property name="sun.cpu.isalist" value="" />
    <property name="sun.jnu.encoding" value="UTF-8" />
    <property name="file.encoding.pkg" value="sun.io" />
    <property name="file.separator" value="/" />
    <property name="java.specification.name" value="Java Platform API Specification" />
    <property name="java.class.version" value="52.0" />
    <property name="user.country" value="US" />
    <property name="java.home" value="/Library/Java/JavaVirtualMachines/jdk1.8.0_20.jdk/Contents/Home/jre" />
    <property name="java.vm.info" value="mixed mode" />
    <property name="env.LOGNAME" value="davidaghassi" />
    <property name="ant.file" value="/Users/davidaghassi/git/EECS293/Project 2 (Social Network)/build.xml" />
    <property name="os.version" value="10.10" />
    <property name="env.VERSIONER_PYTHON_PREFER_32_BIT" value="no" />
    <property name="path.separator" value=":" />
    <property name="java.vm.version" value="25.20-b23" />
    <property name="ant.library.dir" value="/Applications/IntelliJ IDEA 13 CE.app/lib/ant/lib" />
    <property name="junit.output.dir" value="junit" />
    <property name="java.awt.printerjob" value="sun.lwawt.macosx.CPrinterJob" />
    <property name="sun.io.unicode.encoding" value="UnicodeBig" />
    <property name="awt.toolkit" value="sun.lwawt.macosx.LWCToolkit" />
    <property name="socksNonProxyHosts" value="local|*.local|169.254/16|*.169.254/16" />
    <property name="ftp.nonProxyHosts" value="local|*.local|169.254/16|*.169.254/16" />
    <property name="env.JAVA_MAIN_CLASS_1507" value="com.intellij.rt.ant.execution.AntMain2" />
    <property name="user.home" value="/Users/davidaghassi" />
    <property name="env.VERSIONER_PYTHON_VERSION" value="2.7" />
    <property name="target" value="1.7" />
    <property name="java.specification.vendor" value="Oracle Corporation" />
    <property name="java.library.path" value="/Users/davidaghassi/Library/Java/Extensions:/Library/Java/Extensions:/Network/Library/Java/Extensions:/System/Library/Java/Extensions:/usr/lib/java:." />
    <property name="java.vendor.url" value="http://java.oracle.com/" />
    <property name="java.vm.vendor" value="Oracle Corporation" />
    <property name="gopherProxySet" value="false" />
    <property name="java.runtime.name" value="Java(TM) SE Runtime Environment" />
    <property name="sun.java.command" value="org.apache.tools.ant.taskdefs.optional.junit.JUnitTestRunner TestSuite filtertrace=true haltOnError=false haltOnFailure=false formatter=org.apache.tools.ant.taskdefs.optional.junit.OutErrSummaryJUnitResultFormatter showoutput=false outputtoformatters=true logfailedtests=true logtestlistenerevents=false formatter=org.apache.tools.ant.taskdefs.optional.junit.XMLJUnitResultFormatter,/Users/davidaghassi/git/EECS293/Project 2 (Social Network)/junit/TEST-TestSuite.xml crashfile=/Users/davidaghassi/git/EECS293/Project 2 (Social Network)/junitvmwatcher7808647177148070449.properties propsfile=/Users/davidaghassi/git/EECS293/Project 2 (Social Network)/junit3126181448212943542.properties" />
    <property name="java.class.path" value="/Users/davidaghassi/git/EECS293/Project 2 (Social Network)/bin:/Users/davidaghassi/git/EECS293/Project 2 (Social Network)/junit.jar:/Users/davidaghassi/git/EECS293/Project 2 (Social Network)/org.hamcrest.core_1.1.0.v20090501071000.jar:/Applications/IntelliJ IDEA 13 CE.app/lib/ant/lib/ant-launcher.jar:/Applications/IntelliJ IDEA 13 CE.app/lib/ant/lib/ant.jar:/Applications/IntelliJ IDEA 13 CE.app/lib/ant/lib/ant-junit.jar" />
    <property name="ant.version" value="Apache Ant(TM) version 1.8.2 compiled on December 20 2010" />
    <property name="java.vm.specification.name" value="Java Virtual Machine Specification" />
    <property name="ant.file.type" value="file" />
    <property name="java.vm.specification.version" value="1.8" />
    <property name="sun.cpu.endian" value="little" />
    <property name="sun.os.patch.level" value="unknown" />
    <property name="debuglevel" value="source,lines,vars" />
    <property name="env.HOME" value="/Users/davidaghassi" />
    <property name="java.io.tmpdir" value="/var/folders/bg/fpgddyv554g5mnd4n22r44780000gn/T/" />
    <property name="java.vendor.url.bug" value="http://bugreport.sun.com/bugreport/" />
    <property name="env.SSH_AUTH_SOCK" value="/private/tmp/com.apple.launchd.562ujll5h5/Listeners" />
    <property name="os.arch" value="x86_64" />
    <property name="java.awt.graphicsenv" value="sun.awt.CGraphicsEnvironment" />
    <property name="java.ext.dirs" value="/Users/davidaghassi/Library/Java/Extensions:/Library/Java/JavaVirtualMachines/jdk1.8.0_20.jdk/Contents/Home/jre/lib/ext:/Library/Java/Extensions:/Network/Library/Java/Extensions:/System/Library/Java/Extensions:/usr/lib/java" />
    <property name="user.dir" value="/Users/davidaghassi/git/EECS293/Project 2 (Social Network)" />
    <property name="line.separator" value="&#xa;" />
    <property name="java.vm.name" value="Java HotSpot(TM) 64-Bit Server VM" />
    <property name="basedir" value="/Users/davidaghassi/git/EECS293/Project 2 (Social Network)" />
    <property name="ant.java.version" value="1.7" />
    <property name="ant.core.lib" value="/Applications/IntelliJ IDEA 13 CE.app/lib/ant/lib/ant.jar" />
    <property name="source" value="1.7" />
    <property name="file.encoding" value="UTF-8" />
    <property name="java.specification.version" value="1.8" />
    <property name="ant.project.invoked-targets" value="TestSuite" />
  </properties>
  <error message="TestSuite" type="java.lang.ClassNotFoundException">java.lang.ClassNotFoundException: TestSuite
	at java.net.URLClassLoader$1.run(URLClassLoader.java:372)
	at java.net.URLClassLoader$1.run(URLClassLoader.java:361)
	at java.security.AccessController.doPrivileged(Native Method)
	at java.net.URLClassLoader.findClass(URLClassLoader.java:360)
	at java.lang.ClassLoader.loadClass(ClassLoader.java:424)
	at sun.misc.Launcher$AppClassLoader.loadClass(Launcher.java:308)
	at java.lang.ClassLoader.loadClass(ClassLoader.java:357)
	at java.lang.Class.forName0(Native Method)
	at java.lang.Class.forName(Class.java:259)
</error>
  <system-out><![CDATA[]]></system-out>
  <system-err><![CDATA[]]></system-err>
</testsuite>
